<?xml version="1.0" encoding="UTF-8"?>
<!-- Generated by org.testng.reporters.JUnitReportReporter -->
<testsuite hostname="DESKTOP-SFNF56E" failures="0" tests="1" name="com.Request_ChargingStation.Charging_Station" time="3.755" errors="0" timestamp="2024-03-24T20:41:53 IST" skipped="0">
  <testcase classname="com.Request_ChargingStation.Charging_Station" name="Charging_Stations" time="3.755"/>
</testsuite> <!-- com.Request_ChargingStation.Charging_Station -->
