<?xml version="1.0" encoding="UTF-8"?>
<!-- Generated by org.testng.reporters.JUnitReportReporter -->
<testsuite hostname="DESKTOP-SFNF56E" failures="0" tests="2" name="com.Execution_Layer.Execution_Layer" time="2.457" errors="1" timestamp="2024-03-24T21:15:21 IST" skipped="0">
  <testcase classname="com.Execution_Layer.Execution_Layer" name="Request_ChargingStation" time="2.262"/>
  <testcase classname="com.Execution_Layer.Execution_Layer" name="SendEmail" time="0.195">
    <error message="&#039;void com.sun.mail.util.TraceInputStream.&lt;init&gt;(java.io.InputStream, com.sun.mail.util.MailLogger)&#039;" type="java.lang.NoSuchMethodError">
      <![CDATA[java.lang.NoSuchMethodError: 'void com.sun.mail.util.TraceInputStream.<init>(java.io.InputStream, com.sun.mail.util.MailLogger)'
at com.sun.mail.smtp.SMTPTransport.initStreams(SMTPTransport.java:2281)
at com.sun.mail.smtp.SMTPTransport.openServer(SMTPTransport.java:2169)
at com.sun.mail.smtp.SMTPTransport.protocolConnect(SMTPTransport.java:722)
at javax.mail.Service.connect(Service.java:313)
at javax.mail.Service.connect(Service.java:172)
at javax.mail.Service.connect(Service.java:121)
at javax.mail.Transport.send0(Transport.java:190)
at javax.mail.Transport.send(Transport.java:120)
at com.utils.EmailUtil.sendEmail(EmailUtil.java:45)
at com.utils.SendEmail.testSendEmail(SendEmail.java:13)
at com.Execution_Layer.Execution_Layer.SendEmail(Execution_Layer.java:24)
at java.base/jdk.internal.reflect.DirectMethodHandleAccessor.invoke(DirectMethodHandleAccessor.java:103)
at java.base/java.lang.reflect.Method.invoke(Method.java:580)
at org.testng.internal.invokers.MethodInvocationHelper.invokeMethod(MethodInvocationHelper.java:139)
at org.testng.internal.invokers.TestInvoker.invokeMethod(TestInvoker.java:664)
at org.testng.internal.invokers.TestInvoker.invokeTestMethod(TestInvoker.java:228)
at org.testng.internal.invokers.MethodRunner.runInSequence(MethodRunner.java:63)
at org.testng.internal.invokers.TestInvoker$MethodInvocationAgent.invoke(TestInvoker.java:961)
at org.testng.internal.invokers.TestInvoker.invokeTestMethods(TestInvoker.java:201)
at org.testng.internal.invokers.TestMethodWorker.invokeTestMethods(TestMethodWorker.java:148)
at org.testng.internal.invokers.TestMethodWorker.run(TestMethodWorker.java:128)
at java.base/java.util.ArrayList.forEach(ArrayList.java:1596)
at org.testng.TestRunner.privateRun(TestRunner.java:819)
at org.testng.TestRunner.run(TestRunner.java:619)
at org.testng.SuiteRunner.runTest(SuiteRunner.java:443)
at org.testng.SuiteRunner.runSequentially(SuiteRunner.java:437)
at org.testng.SuiteRunner.privateRun(SuiteRunner.java:397)
at org.testng.SuiteRunner.run(SuiteRunner.java:336)
at org.testng.SuiteRunnerWorker.runSuite(SuiteRunnerWorker.java:52)
at org.testng.SuiteRunnerWorker.run(SuiteRunnerWorker.java:95)
at org.testng.TestNG.runSuitesSequentially(TestNG.java:1301)
at org.testng.TestNG.runSuitesLocally(TestNG.java:1228)
at org.testng.TestNG.runSuites(TestNG.java:1134)
at org.testng.TestNG.run(TestNG.java:1101)
at org.testng.remote.AbstractRemoteTestNG.run(AbstractRemoteTestNG.java:115)
at org.testng.remote.RemoteTestNG.initAndRun(RemoteTestNG.java:251)
at org.testng.remote.RemoteTestNG.main(RemoteTestNG.java:77)
]]>
    </error>
  </testcase> <!-- SendEmail -->
</testsuite> <!-- com.Execution_Layer.Execution_Layer -->
