<?xml version="1.0" encoding="UTF-8"?>
<!-- Generated by org.testng.reporters.JUnitReportReporter -->
<testsuite hostname="DESKTOP-SFNF56E" failures="0" tests="1" name="com.Execution_Layer.Execution_Layer" time="6.462" errors="0" timestamp="2024-04-01T13:04:12 IST" skipped="0">
  <testcase classname="com.Execution_Layer.Execution_Layer" name="TL_DashBaord" time="6.462"/>
</testsuite> <!-- com.Execution_Layer.Execution_Layer -->
