<?xml version="1.0" encoding="UTF-8"?>
<!-- Generated by org.testng.reporters.JUnitReportReporter -->
<testsuite hostname="DESKTOP-SFNF56E" failures="0" tests="1" name="com.Request_ChargingStation.terracharge" time="2.389" errors="0" timestamp="2024-04-05T17:38:50 IST" skipped="0">
  <testcase classname="com.Request_ChargingStation.terracharge" name="terracharge_API" time="2.389"/>
</testsuite> <!-- com.Request_ChargingStation.terracharge -->
