<?xml version="1.0" encoding="UTF-8"?>
<!-- Generated by org.testng.reporters.JUnitReportReporter -->
<testsuite hostname="DESKTOP-SFNF56E" failures="0" tests="1" name="com.Request_ChargingStation.Bolt" time="2.068" errors="0" timestamp="2024-03-24T20:44:00 IST" skipped="0">
  <testcase classname="com.Request_ChargingStation.Bolt" name="Bolt_API" time="2.068"/>
</testsuite> <!-- com.Request_ChargingStation.Bolt -->
