<?xml version="1.0" encoding="UTF-8"?>
<!-- Generated by org.testng.reporters.JUnitReportReporter -->
<testsuite hostname="DESKTOP-SFNF56E" failures="0" tests="1" name="com.utils.Extent_Reports_Suite" time="0.011" errors="0" timestamp="2024-03-24T20:48:25 IST" skipped="0">
  <testcase classname="com.utils.Extent_Reports_Suite" name="Test" time="0.011"/>
</testsuite> <!-- com.utils.Extent_Reports_Suite -->
