<?xml version="1.0" encoding="UTF-8"?>
<!-- Generated by org.testng.reporters.JUnitReportReporter -->
<testsuite hostname="DESKTOP-SFNF56E" failures="0" tests="1" name="com.Request_ChargingStation.Kazam" time="1.904" errors="0" timestamp="2024-03-24T20:40:12 IST" skipped="0">
  <testcase classname="com.Request_ChargingStation.Kazam" name="Kazam_API" time="1.904"/>
</testsuite> <!-- com.Request_ChargingStation.Kazam -->
